[32mDB=KIKOPDR   07-01-2023 21:37:29   db [ nls|option|properties ] - v$instance, v$database, dba_registry, dba_registry_sqlpatch, nls_database_paramters, v$option, database_properties information (B[m
v$instance:

INSTANCE_NAME   HOST_NAME                 VERSION    STARTUP_TIME        STATUS     ARCHIVER   LOGINS     DATABASE_STATUS INSTANCE_ROLE
--------------- ------------------------- ---------- ------------------- ---------- ---------- ---------- --------------- --------------------
KIKOPDR         kikdb02                   11.2.0.4.0 06/01/2023 21:28:10 OPEN       STARTED    ALLOWED    ACTIVE          PRIMARY_INSTANCE

v$database:

                                                               RESETLOGS             PROTECTION   DATABASE  SWITCHOVER  FORCE   SUPPLEMENTAL FLASHBACK
        DBID NAME     CREATED    LOG_MODE          CURRENT_SCN TIME       OPEN_MODE  LEVEL        ROLE      STATUS      LOGGING LOG_DATA     ON        PLATFORM_NAME
------------ -------- ---------- ------------- --------------- ---------- ---------- ------------ --------- ----------- ------- ------------ --------- ----------------------------
  1502515375 KIKOPDR  21/12/2014 ARCHIVELOG        20664176721 26/05/2021 READ ONLY  MAXIMUM PERF PHYSICAL  NOT ALLOWED YES     NO           NO        Linux x86 64-bit
                                                                21:06:31  WITH APPLY ORMANCE      STANDBY


DBA_REGISTRY:

COMP_ID    COMP_NAME                                VERSION      STATUS       MODIFIED             SCHEMA          PROCEDURE
---------- ---------------------------------------- ------------ ------------ -------------------- --------------- ---------------------------------------------
EM         Oracle Enterprise Manager                11.2.0.4.0   VALID        18-JAN-2015 00:34:30 SYSMAN
OWB        OWB                                      11.2.0.4.0   VALID        28-DEC-2014 15:57:10 OWBSYS          DBMS_OWB.VALIDATE
APEX       Oracle Application Express               3.2.1.00.12  VALID        28-DEC-2014 15:57:10 APEX_030200     VALIDATE_APEX
AMD        OLAP Catalog                             11.2.0.4.0   VALID        28-DEC-2014 15:57:10 OLAPSYS         CWM2_OLAP_INSTALLER.VALIDATE_CWM2_INSTALL
SDO        Spatial                                  11.2.0.4.0   VALID        28-DEC-2014 15:57:10 MDSYS           VALIDATE_SDO
ORDIM      Oracle Multimedia                        11.2.0.4.0   VALID        28-DEC-2014 15:57:10 ORDSYS          VALIDATE_ORDIM
XDB        Oracle XML Database                      11.2.0.4.0   VALID        28-DEC-2014 15:57:10 XDB             DBMS_REGXDB.VALIDATEXDB
CONTEXT    Oracle Text                              11.2.0.4.0   VALID        28-DEC-2014 15:57:10 CTXSYS          VALIDATE_CONTEXT
EXF        Oracle Expression Filter                 11.2.0.4.0   VALID        28-DEC-2014 15:57:10 EXFSYS          VALIDATE_EXF
RUL        Oracle Rules Manager                     11.2.0.4.0   VALID        28-DEC-2014 15:57:10 EXFSYS          VALIDATE_RUL
OWM        Oracle Workspace Manager                 11.2.0.4.0   VALID        28-DEC-2014 15:57:10 WMSYS           VALIDATE_OWM
CATALOG    Oracle Database Catalog Views            11.2.0.4.0   VALID        28-DEC-2014 15:57:10 SYS             DBMS_REGISTRY_SYS.VALIDATE_CATALOG
CATPROC    Oracle Database Packages and Types       11.2.0.4.0   VALID        28-DEC-2014 15:57:10 SYS             DBMS_REGISTRY_SYS.VALIDATE_CATPROC
JAVAVM     JServer JAVA Virtual Machine             11.2.0.4.0   VALID        28-DEC-2014 15:57:10 SYS             INITJVMAUX.VALIDATE_JAVAVM
XML        Oracle XDK                               11.2.0.4.0   VALID        28-DEC-2014 15:57:10 SYS             XMLVALIDATE
CATJAVA    Oracle Database Java Packages            11.2.0.4.0   VALID        28-DEC-2014 15:57:10 SYS             DBMS_REGISTRY_SYS.VALIDATE_CATJAVA
APS        OLAP Analytic Workspace                  11.2.0.4.0   VALID        28-DEC-2014 15:57:10 SYS             APS_VALIDATE
XOQ        Oracle OLAP API                          11.2.0.4.0   VALID        28-DEC-2014 15:57:10 SYS             XOQ_VALIDATE

REGISTRY$HISTORY:

ACTION_TIME         ACTION          NAMESPACE       VERSION                 ID COMMENTS                                                               BUNDLE_SERIES
------------------- --------------- --------------- --------------- ---------- ---------------------------------------------------------------------- --------------------
24/08/2013 12:03:45 APPLY           SERVER          11.2.0.4                 0 Patchset 11.2.0.2.0                                                    PSU
21/12/2014 06:56:58 APPLY           SERVER          11.2.0.4                 0 Patchset 11.2.0.2.0                                                    PSU
