[32mDB=kika   07-01-2023 21:36:54   db [ nls|option|properties ] - v$instance, v$database, dba_registry, dba_registry_sqlpatch, nls_database_paramters, v$option, database_properties information (B[m
v$instance:

INSTANCE_NAME   HOST_NAME                 VERSION    STARTUP_TIME        STATUS     ARCHIVER   LOGINS     DATABASE_STATUS INSTANCE_ROLE
--------------- ------------------------- ---------- ------------------- ---------- ---------- ---------- --------------- --------------------
kika            kikdb01                   12.2.0.1.0 29/12/2022 15:29:05 OPEN       STARTED    ALLOWED    ACTIVE          PRIMARY_INSTANCE

v$database:

                                                               RESETLOGS             PROTECTION   DATABASE  SWITCHOVER  FORCE   SUPPLEMENTAL FLASHBACK
        DBID NAME     CREATED    LOG_MODE          CURRENT_SCN TIME       OPEN_MODE  LEVEL        ROLE      STATUS      LOGGING LOG_DATA     ON        PLATFORM_NAME
------------ -------- ---------- ------------- --------------- ---------- ---------- ------------ --------- ----------- ------- ------------ --------- ----------------------------
  1162267779 KIKA     28/08/2021 ARCHIVELOG        22378146823 28/08/2021 READ WRITE MAXIMUM PERF PRIMARY   TO STANDBY  YES     NO           NO        Linux x86 64-bit
                                                                19:55:55             ORMANCE


DBA_REGISTRY:

COMP_ID    COMP_NAME                                VERSION      STATUS       MODIFIED             SCHEMA          PROCEDURE
---------- ---------------------------------------- ------------ ------------ -------------------- --------------- ---------------------------------------------
CATALOG    Oracle Database Catalog Views            12.2.0.1.0   VALID        12-MAR-2021 11:28:11 SYS             DBMS_REGISTRY_SYS.VALIDATE_CATALOG
CATPROC    Oracle Database Packages and Types       12.2.0.1.0   VALID        12-MAR-2021 11:28:13 SYS             DBMS_REGISTRY_SYS.VALIDATE_CATPROC
XDB        Oracle XML Database                      12.2.0.1.0   VALID        12-MAR-2021 11:28:15 XDB             DBMS_REGXDB.VALIDATEXDB
OWM        Oracle Workspace Manager                 12.2.0.1.0   VALID        12-MAR-2021 11:28:17 WMSYS           VALIDATE_OWM
JAVAVM     JServer JAVA Virtual Machine             12.2.0.1.0   VALID        12-MAR-2021 11:28:18 SYS             INITJVMAUX.VALIDATE_JAVAVM
XML        Oracle XDK                               12.2.0.1.0   VALID        12-MAR-2021 11:28:18 SYS             XMLVALIDATE
CATJAVA    Oracle Database Java Packages            12.2.0.1.0   VALID        12-MAR-2021 11:28:18 SYS             DBMS_REGISTRY_SYS.VALIDATE_CATJAVA
CONTEXT    Oracle Text                              12.2.0.1.0   VALID        12-MAR-2021 11:28:18 CTXSYS          VALIDATE_CONTEXT

REGISTRY$HISTORY:

ACTION_TIME         ACTION          NAMESPACE       VERSION                 ID COMMENTS                                                               BUNDLE_SERIES
------------------- --------------- --------------- --------------- ---------- ---------------------------------------------------------------------- --------------------
                    BOOTSTRAP       DATAPATCH       12.2.0.1                   RDBMS_12.2.0.1.0DBJAN2019RUR_LINUX.X64_190624

DBA_REGISTRY_SQLPATCH:

ACTION_TIME           PATCH_ID  PATCH_UID VERSION         STATUS       DESCRIPTION
------------------- ---------- ---------- --------------- ------------ ------------------------------------------------------------------------------------------------------------------------
17/09/2019 21:12:11   29708478   22988073 12.2.0.1        SUCCESS      DATABASE JAN 2019 RELEASE UPDATE REVISION 12.2.0.1.190716
