[32mDB=prov   07-01-2023 21:37:16   db [ nls|option|properties ] - v$instance, v$database, dba_registry, dba_registry_sqlpatch, nls_database_paramters, v$option, database_properties information (B[m
v$instance:

INSTANCE_NAME   HOST_NAME                 VERSION    STARTUP_TIME        STATUS     ARCHIVER   LOGINS     DATABASE_STATUS INSTANCE_ROLE
--------------- ------------------------- ---------- ------------------- ---------- ---------- ---------- --------------- --------------------
prov            kikdb02                   12.2.0.1.0 06/01/2023 21:21:14 OPEN       STARTED    ALLOWED    ACTIVE          PRIMARY_INSTANCE

v$database:

                                                               RESETLOGS             PROTECTION   DATABASE  SWITCHOVER  FORCE   SUPPLEMENTAL FLASHBACK
        DBID NAME     CREATED    LOG_MODE          CURRENT_SCN TIME       OPEN_MODE  LEVEL        ROLE      STATUS      LOGGING LOG_DATA     ON        PLATFORM_NAME
------------ -------- ---------- ------------- --------------- ---------- ---------- ------------ --------- ----------- ------- ------------ --------- ----------------------------
  1406517326 PROV     18/03/2022 ARCHIVELOG        21517525706 18/03/2022 READ ONLY  MAXIMUM PERF PHYSICAL  NOT ALLOWED YES     NO           NO        Linux x86 64-bit
                                                                13:29:50  WITH APPLY ORMANCE      STANDBY


DBA_REGISTRY:

COMP_ID    COMP_NAME                                VERSION      STATUS       MODIFIED             SCHEMA          PROCEDURE
---------- ---------------------------------------- ------------ ------------ -------------------- --------------- ---------------------------------------------
CATALOG    Oracle Database Catalog Views            12.2.0.1.0   VALID        18-MAR-2022 13:53:49 SYS             DBMS_REGISTRY_SYS.VALIDATE_CATALOG
CATPROC    Oracle Database Packages and Types       12.2.0.1.0   VALID        18-MAR-2022 13:53:49 SYS             DBMS_REGISTRY_SYS.VALIDATE_CATPROC
JAVAVM     JServer JAVA Virtual Machine             12.2.0.1.0   VALID        18-MAR-2022 13:53:51 SYS             INITJVMAUX.VALIDATE_JAVAVM
XML        Oracle XDK                               12.2.0.1.0   VALID        18-MAR-2022 13:53:51 SYS             XMLVALIDATE
CATJAVA    Oracle Database Java Packages            12.2.0.1.0   VALID        18-MAR-2022 13:53:51 SYS             DBMS_REGISTRY_SYS.VALIDATE_CATJAVA
XDB        Oracle XML Database                      12.2.0.1.0   VALID        18-MAR-2022 13:53:50 XDB             DBMS_REGXDB.VALIDATEXDB
OWM        Oracle Workspace Manager                 12.2.0.1.0   VALID        18-MAR-2022 13:53:51 WMSYS           VALIDATE_OWM
CONTEXT    Oracle Text                              12.2.0.1.0   VALID        18-MAR-2022 13:53:51 CTXSYS          VALIDATE_CONTEXT

REGISTRY$HISTORY:

ACTION_TIME         ACTION          NAMESPACE       VERSION                 ID COMMENTS                                                               BUNDLE_SERIES
------------------- --------------- --------------- --------------- ---------- ---------------------------------------------------------------------- --------------------
                    BOOTSTRAP       DATAPATCH       12.2.0.1                   RDBMS_12.2.0.1.0DBJAN2019RUR_LINUX.X64_190624

DBA_REGISTRY_SQLPATCH:

ACTION_TIME           PATCH_ID  PATCH_UID VERSION         STATUS       DESCRIPTION
------------------- ---------- ---------- --------------- ------------ ------------------------------------------------------------------------------------------------------------------------
18/03/2022 13:53:41   29708478   22988073 12.2.0.1        SUCCESS      DATABASE JAN 2019 RELEASE UPDATE REVISION 12.2.0.1.190716
