[32mDB=EPS   07-01-2023 21:37:22   db [ nls|option|properties ] - v$instance, v$database, dba_registry, dba_registry_sqlpatch, nls_database_paramters, v$option, database_properties information (B[m
v$instance:

INSTANCE_NAME   HOST_NAME                 VERSION    STARTUP_TIME        STATUS     ARCHIVER   LOGINS     DATABASE_STATUS INSTANCE_ROLE
--------------- ------------------------- ---------- ------------------- ---------- ---------- ---------- --------------- --------------------
EPS             kikdb02                   12.2.0.1.0 06/01/2023 21:24:14 OPEN       STARTED    ALLOWED    ACTIVE          PRIMARY_INSTANCE

v$database:

                                                               RESETLOGS             PROTECTION   DATABASE  SWITCHOVER  FORCE   SUPPLEMENTAL FLASHBACK
        DBID NAME     CREATED    LOG_MODE          CURRENT_SCN TIME       OPEN_MODE  LEVEL        ROLE      STATUS      LOGGING LOG_DATA     ON        PLATFORM_NAME
------------ -------- ---------- ------------- --------------- ---------- ---------- ------------ --------- ----------- ------- ------------ --------- ----------------------------
   608561918 EPS      27/12/2014 ARCHIVELOG        22379969071 14/06/2022 READ ONLY  MAXIMUM PERF PHYSICAL  NOT ALLOWED YES     NO           NO        Linux x86 64-bit
                                                                22:36:26  WITH APPLY ORMANCE      STANDBY


DBA_REGISTRY:

COMP_ID    COMP_NAME                                VERSION      STATUS       MODIFIED             SCHEMA          PROCEDURE
---------- ---------------------------------------- ------------ ------------ -------------------- --------------- ---------------------------------------------
CATALOG    Oracle Database Catalog Views            12.2.0.1.0   VALID        24-FEB-2020 15:10:58 SYS             DBMS_REGISTRY_SYS.VALIDATE_CATALOG
CATPROC    Oracle Database Packages and Types       12.2.0.1.0   VALID        24-FEB-2020 15:10:58 SYS             DBMS_REGISTRY_SYS.VALIDATE_CATPROC
JAVAVM     JServer JAVA Virtual Machine             12.2.0.1.0   VALID        24-FEB-2020 15:11:01 SYS             INITJVMAUX.VALIDATE_JAVAVM
XML        Oracle XDK                               12.2.0.1.0   VALID        24-FEB-2020 15:11:02 SYS             XMLVALIDATE
CATJAVA    Oracle Database Java Packages            12.2.0.1.0   VALID        24-FEB-2020 15:11:02 SYS             DBMS_REGISTRY_SYS.VALIDATE_CATJAVA
APS        OLAP Analytic Workspace                  12.2.0.1.0   VALID        24-FEB-2020 15:11:04 SYS             APS_VALIDATE
OWM        Oracle Workspace Manager                 12.2.0.1.0   VALID        24-FEB-2020 15:10:59 WMSYS           VALIDATE_OWM
CONTEXT    Oracle Text                              12.2.0.1.0   VALID        24-FEB-2020 15:11:02 CTXSYS          VALIDATE_CONTEXT
XDB        Oracle XML Database                      12.2.0.1.0   VALID        24-FEB-2020 15:11:02 XDB             DBMS_REGXDB.VALIDATEXDB
ORDIM      Oracle Multimedia                        12.2.0.1.0   VALID        24-FEB-2020 15:11:04 ORDSYS          VALIDATE_ORDIM
SDO        Spatial                                  12.2.0.1.0   VALID        24-FEB-2020 15:11:04 MDSYS           VALIDATE_SDO
XOQ        Oracle OLAP API                          12.2.0.1.0   INVALID      24-FEB-2020 15:11:04 OLAPSYS         XOQ_VALIDATE
AMD        OLAP Catalog                             11.2.0.4.0   OPTION OFF   03-AUG-2018 23:01:08 OLAPSYS         CWM2_OLAP_INSTALLER.VALIDATE_CWM2_INSTALL
APEX       Oracle Application Express               5.0.4.00.12  VALID        24-FEB-2020 15:11:08 APEX_050000     VALIDATE_APEX

REGISTRY$HISTORY:

ACTION_TIME         ACTION          NAMESPACE       VERSION                 ID COMMENTS                                                               BUNDLE_SERIES
------------------- --------------- --------------- --------------- ---------- ---------------------------------------------------------------------- --------------------
24/08/2013 12:03:45 APPLY           SERVER          11.2.0.4                 0 Patchset 11.2.0.2.0                                                    PSU
27/12/2014 09:20:10 APPLY           SERVER          11.2.0.4                 0 Patchset 11.2.0.2.0                                                    PSU
                    BOOTSTRAP       DATAPATCH       12.2.0.1                   RDBMS_12.2.0.1.0_LINUX.X64_170125
03/08/2018 23:15:57 VIEW INVALIDATE                                    8289601 view invalidation
03/08/2018 23:17:09 UPGRADE         SERVER          12.2.0.1.0                 Upgraded from 11.2.0.4.0

DBA_REGISTRY_SQLPATCH:
