[32mDB=bd   07-01-2023 21:36:47   db [ nls|option|properties ] - v$instance, v$database, dba_registry, dba_registry_sqlpatch, nls_database_paramters, v$option, database_properties information (B[m
v$instance:

INSTANCE_NAME   HOST_NAME                 VERSION    STARTUP_TIME        STATUS     ARCHIVER   LOGINS     DATABASE_STATUS INSTANCE_ROLE
--------------- ------------------------- ---------- ------------------- ---------- ---------- ---------- --------------- --------------------
bd              kikdb01                   12.2.0.1.0 29/12/2022 13:59:34 OPEN       STARTED    ALLOWED    ACTIVE          PRIMARY_INSTANCE

v$database:

                                                               RESETLOGS             PROTECTION   DATABASE  SWITCHOVER  FORCE   SUPPLEMENTAL FLASHBACK
        DBID NAME     CREATED    LOG_MODE          CURRENT_SCN TIME       OPEN_MODE  LEVEL        ROLE      STATUS      LOGGING LOG_DATA     ON        PLATFORM_NAME
------------ -------- ---------- ------------- --------------- ---------- ---------- ------------ --------- ----------- ------- ------------ --------- ----------------------------
  2021703410 BD       11/08/2020 ARCHIVELOG        22378144032 11/04/2022 READ WRITE MAXIMUM PERF PRIMARY   TO STANDBY  YES     NO           NO        Linux x86 64-bit
                                                                14:34:05             ORMANCE


DBA_REGISTRY:

COMP_ID    COMP_NAME                                VERSION      STATUS       MODIFIED             SCHEMA          PROCEDURE
---------- ---------------------------------------- ------------ ------------ -------------------- --------------- ---------------------------------------------
CATALOG    Oracle Database Catalog Views            12.2.0.1.0   VALID        03-JAN-2021 20:08:43 SYS             DBMS_REGISTRY_SYS.VALIDATE_CATALOG
CATPROC    Oracle Database Packages and Types       12.2.0.1.0   VALID        03-JAN-2021 20:08:45 SYS             DBMS_REGISTRY_SYS.VALIDATE_CATPROC
XDB        Oracle XML Database                      12.2.0.1.0   VALID        03-JAN-2021 20:08:47 XDB             DBMS_REGXDB.VALIDATEXDB
OWM        Oracle Workspace Manager                 12.2.0.1.0   VALID        03-JAN-2021 20:08:49 WMSYS           VALIDATE_OWM
JAVAVM     JServer JAVA Virtual Machine             12.2.0.1.0   VALID        03-JAN-2021 20:08:50 SYS             INITJVMAUX.VALIDATE_JAVAVM
XML        Oracle XDK                               12.2.0.1.0   VALID        03-JAN-2021 20:08:50 SYS             XMLVALIDATE
CATJAVA    Oracle Database Java Packages            12.2.0.1.0   VALID        03-JAN-2021 20:08:50 SYS             DBMS_REGISTRY_SYS.VALIDATE_CATJAVA
CONTEXT    Oracle Text                              12.2.0.1.0   VALID        03-JAN-2021 20:08:50 CTXSYS          VALIDATE_CONTEXT

REGISTRY$HISTORY:

ACTION_TIME         ACTION          NAMESPACE       VERSION                 ID COMMENTS                                                               BUNDLE_SERIES
------------------- --------------- --------------- --------------- ---------- ---------------------------------------------------------------------- --------------------
                    BOOTSTRAP       DATAPATCH       12.2.0.1                   RDBMS_12.2.0.1.0DBJAN2019RUR_LINUX.X64_190624

DBA_REGISTRY_SQLPATCH:

ACTION_TIME           PATCH_ID  PATCH_UID VERSION         STATUS       DESCRIPTION
------------------- ---------- ---------- --------------- ------------ ------------------------------------------------------------------------------------------------------------------------
17/09/2019 21:12:11   29708478   22988073 12.2.0.1        SUCCESS      DATABASE JAN 2019 RELEASE UPDATE REVISION 12.2.0.1.190716
